# JRE version: Java(TM) SE Runtime Environment (25.0.2+10) (build 25.0.2+10-LTS-69)
# Java VM: Java HotSpot(TM) 64-Bit Server VM (25.0.2+10-LTS-69, mixed mode, emulated-client, sharing, tiered, compressed oops, compressed class ptrs, g1 gc, windows-amd64)
GC Precious Log:
 CardTable entry size: 512
 Card Set container configuration: InlinePtr #cards 4 size 8 Array Of Cards #cards 32 size 80 Howl #buckets 8 coarsen threshold 7372 Howl Bitmap #cards 1024 size 144 coarsen threshold 921 Card regions per heap region 1 cards per card region 8192
 CPUs: 4 total, 4 available
 Memory: 24310M
 Large Page Support: Disabled
 NUMA Support: Disabled
 Compressed Oops: Enabled (Zero based)
 Heap Region Size: 4M
 Heap Min Capacity: 8M
 Heap Initial Capacity: 380M
 Heap Max Capacity: 6080M
 Pre-touch: Disabled
 Parallel Workers: 4
 Concurrent Workers: 1
 Concurrent Refinement Workers: 4
 Periodic GC: Disabled
Heap:
 garbage-first heap   total reserved 6225920K, committed 110592K, used 39008K [0x0000000684000000, 0x0000000800000000)
  region size 4096K, 3 young (12288K), 2 survivors (8192K)
GC Heap Usage History (20 events):
Event: 487.342 {heap Before GC invocations=31 (full 5):
 garbage-first heap   total reserved 6225920K, committed 110592K, used 59800K [0x0000000684000000, 0x0000000800000000)
  region size 4096K, 8 young (32768K), 2 survivors (8192K)
}
Event: 487.414 {heap After GC invocations=32 (full 6):
 garbage-first heap   total reserved 6225920K, committed 110592K, used 31298K [0x0000000684000000, 0x0000000800000000)
  region size 4096K, 0 young (0K), 0 survivors (0K)
}
Event: 488.475 {heap Before GC invocations=32 (full 6):
 garbage-first heap   total reserved 6225920K, committed 110592K, used 88642K [0x0000000684000000, 0x0000000800000000)
  region size 4096K, 15 young (61440K), 0 survivors (0K)
}
Event: 488.482 {heap After GC invocations=33 (full 6):
 garbage-first heap   total reserved 6225920K, committed 110592K, used 38954K [0x0000000684000000, 0x0000000800000000)
  region size 4096K, 2 young (8192K), 2 survivors (8192K)
}
Event: 1163.121 {heap Before GC invocations=33 (full 6):
 garbage-first heap   total reserved 6225920K, committed 110592K, used 75818K [0x0000000684000000, 0x0000000800000000)
  region size 4096K, 12 young (49152K), 2 survivors (8192K)
}
Event: 1163.204 {heap After GC invocations=34 (full 7):
 garbage-first heap   total reserved 6225920K, committed 110592K, used 32508K [0x0000000684000000, 0x0000000800000000)
  region size 4096K, 0 young (0K), 0 survivors (0K)
}
Event: 1164.317 {heap Before GC invocations=34 (full 7):
 garbage-first heap   total reserved 6225920K, committed 110592K, used 85756K [0x0000000684000000, 0x0000000800000000)
  region size 4096K, 14 young (57344K), 0 survivors (0K)
}
Event: 1164.325 {heap After GC invocations=35 (full 7):
 garbage-first heap   total reserved 6225920K, committed 110592K, used 39760K [0x0000000684000000, 0x0000000800000000)
  region size 4096K, 2 young (8192K), 2 survivors (8192K)
}
Event: 1568.729 {heap Before GC invocations=35 (full 7):
 garbage-first heap   total reserved 6225920K, committed 110592K, used 80720K [0x0000000684000000, 0x0000000800000000)
  region size 4096K, 13 young (53248K), 2 survivors (8192K)
}
Event: 1568.813 {heap After GC invocations=36 (full 8):
 garbage-first heap   total reserved 6225920K, committed 110592K, used 32527K [0x0000000684000000, 0x0000000800000000)
  region size 4096K, 0 young (0K), 0 survivors (0K)
}
Event: 1569.932 {heap Before GC invocations=36 (full 8):
 garbage-first heap   total reserved 6225920K, committed 110592K, used 85775K [0x0000000684000000, 0x0000000800000000)
  region size 4096K, 14 young (57344K), 0 survivors (0K)
}
Event: 1569.938 {heap After GC invocations=37 (full 8):
 garbage-first heap   total reserved 6225920K, committed 110592K, used 39957K [0x0000000684000000, 0x0000000800000000)
  region size 4096K, 2 young (8192K), 2 survivors (8192K)
}
Event: 1701.927 {heap Before GC invocations=37 (full 8):
 garbage-first heap   total reserved 6225920K, committed 110592K, used 68629K [0x0000000684000000, 0x0000000800000000)
  region size 4096K, 10 young (40960K), 2 survivors (8192K)
}
Event: 1702.022 {heap After GC invocations=38 (full 9):
 garbage-first heap   total reserved 6225920K, committed 110592K, used 32292K [0x0000000684000000, 0x0000000800000000)
  region size 4096K, 0 young (0K), 0 survivors (0K)
}
Event: 1704.017 {heap Before GC invocations=38 (full 9):
 garbage-first heap   total reserved 6225920K, committed 110592K, used 85540K [0x0000000684000000, 0x0000000800000000)
  region size 4096K, 14 young (57344K), 0 survivors (0K)
}
Event: 1704.031 {heap After GC invocations=39 (full 9):
 garbage-first heap   total reserved 6225920K, committed 110592K, used 39690K [0x0000000684000000, 0x0000000800000000)
  region size 4096K, 2 young (8192K), 2 survivors (8192K)
}
Event: 1716.598 {heap Before GC invocations=39 (full 9):
 garbage-first heap   total reserved 6225920K, committed 110592K, used 64266K [0x0000000684000000, 0x0000000800000000)
  region size 4096K, 9 young (36864K), 2 survivors (8192K)
}
Event: 1716.673 {heap After GC invocations=40 (full 10):
 garbage-first heap   total reserved 6225920K, committed 110592K, used 31626K [0x0000000684000000, 0x0000000800000000)
  region size 4096K, 0 young (0K), 0 survivors (0K)
}
Event: 1718.983 {heap Before GC invocations=40 (full 10):
 garbage-first heap   total reserved 6225920K, committed 110592K, used 84874K [0x0000000684000000, 0x0000000800000000)
  region size 4096K, 14 young (57344K), 0 survivors (0K)
}
Event: 1718.990 {heap After GC invocations=41 (full 10):
 garbage-first heap   total reserved 6225920K, committed 110592K, used 39008K [0x0000000684000000, 0x0000000800000000)
  region size 4096K, 2 young (8192K), 2 survivors (8192K)
}

